reached
							Table Name: global		 Parent Name: None
Name                Type                                    Category            Initial Value       Offset              Size                Child               

main                int                                     function                                0                   4                   main                
max_area            int                                     function                                4                   4                   max_area            
max_mag             int                                     function                                8                   4                   max_mag             
printInt            int                                     function                                12                  4                   printInt            
printStr            int                                     function                                16                  4                   printStr            
readInt             int                                     function                                20                  4                   readInt             



Table Name: main		 Parent Name: global
Name                Type                                    Category            Initial Value       Offset              Size                Child               

return              int                                     local                                   0                   4                   NULL                
t10                 int                                     temporary                               4                   4                   NULL                
t11                 int                                     temporary                               8                   4                   NULL                
t8                  int                                     temporary           7                   12                  4                   NULL                
t9                  int                                     temporary           9                   16                  4                   NULL                
x                   int                                     local                                   20                  4                   NULL                



Table Name: max_area		 Parent Name: global
Name                Type                                    Category            Initial Value       Offset              Size                Child               

a                   int                                     parameter                               0                   4                   NULL                
area                int                                     local                                   4                   4                   NULL                
b                   int                                     parameter                               8                   4                   NULL                
return              int                                     local                                   12                  4                   NULL                
side                int                                     local                                   16                  4                   NULL                
t6                  int                                     temporary                               20                  4                   NULL                
t7                  int                                     temporary                               24                  4                   NULL                



Table Name: max_mag		 Parent Name: global
Name                Type                                    Category            Initial Value       Offset              Size                Child               

ans                 int                                     local               0                   0                   4                   NULL                
return              int                                     local                                   4                   4                   NULL                
t0                  int                                     temporary           0                   8                   4                   NULL                
t1                  int                                     temporary           0                   12                  4                   NULL                
t2                  int                                     temporary                               16                  4                   NULL                
t3                  int                                     temporary           0                   20                  4                   NULL                
t4                  int                                     temporary                               24                  4                   NULL                
t5                  int                                     temporary                               28                  4                   NULL                
x                   int                                     parameter                               32                  4                   NULL                
y                   int                                     parameter                               36                  4                   NULL                



Table Name: printInt		 Parent Name: global
Name                Type                                    Category            Initial Value       Offset              Size                Child               

n                   int                                     parameter                               0                   4                   NULL                
return              int                                     local                                   4                   4                   NULL                



Table Name: printStr		 Parent Name: global
Name                Type                                    Category            Initial Value       Offset              Size                Child               

return              int                                     local                                   0                   4                   NULL                
s                   ptr(char)                               parameter                               4                   8                   NULL                



Table Name: readInt		 Parent Name: global
Name                Type                                    Category            Initial Value       Offset              Size                Child               

eP                  ptr(int)                                parameter                               0                   8                   NULL                
return              int                                     local                                   8                   4                   NULL                



1   : Function start: max_mag
2   : 	t0 = 0
3   : 	ans = t0
4   : 	t1 = 0
5   : 	if x < t1 goto 7
6   : 	goto 10
7   : 	t2 = x - 
8   : 	x = t2
9   : 	goto 10
10  : 	t3 = 0
11  : 	if y < t3 goto 13
12  : 	goto 16
13  : 	t4 = y - 
14  : 	y = t4
15  : 	goto 16
16  : 	if x > y goto 19
17  : 	goto 20
18  : 	goto 24
19  : 	goto 22
20  : 	t5 = y
21  : 	goto 24
22  : 	t5 = x
23  : 	goto 24
24  : 	ans = t5
25  : 	return ans
26  : Function end: max_mag
27  : Function start: max_area
28  : 	param a
29  : 	param b
30  : 	t6 = call max_mag, 2
31  : 	side = t6
32  : 	t7 = side * side
33  : 	area = t7
34  : 	return area
35  : Function end: max_area
36  : Function start: main
37  : 	t8 = 7
38  : 	param t8
39  : 	t9 = 9
40  : 	t10 = t9 - 
41  : 	param t10
42  : 	t11 = call max_area, 2
43  : 	x = t11
44  : 	return 
45  : Function end: main
